
Running cpp/task-1...
========================================
Running cpp/task-1...
========================================
Running cpp/task-1...
========================================
Running cpp/task-1...
========================================
Running cpp/task-1...
========================================
Running cpp/task-1...
========================================
Running cpp/task-1...
========================================
Running cpp/task-1...
========================================
Running cpp/task-1...
========================================
Running cpp/task-1...
========================================
Compiling cpp/task-2...
========================================
Running cpp/task-2...
========================================
Running cpp/task-2...
========================================
Running cpp/task-2...
========================================

Sortarea topologica data nu are dimensiunea corespunzatoare (5 vs 4).	Running cpp/task-2...
========================================
Running cpp/task-2...
========================================

Sortarea topologica data nu are dimensiunea corespunzatoare (14 vs 12).	Running cpp/task-2...
========================================

Sortarea topologica data nu are dimensiunea corespunzatoare (20 vs 11).	Running cpp/task-2...
========================================

Sortarea topologica data nu are dimensiunea corespunzatoare (38 vs 11).	Running cpp/task-2...
========================================
Running cpp/task-2...
========================================

Sortarea topologica data nu are dimensiunea corespunzatoare (181988 vs 40000).	Running cpp/task-2...
========================================

Sortarea topologica data nu are dimensiunea corespunzatoare (1233945 vs 50000).	